2011/08/23 14:26:41 [error] [php] date(): It is not safe to rely on the system's timezone settings. You are *required* to use the date.timezone setting or the date_default_timezone_set() function. In case you used any of those methods and you are still getting this warning, you most likely misspelled the timezone identifier. We selected 'Asia/Tehran' for 'IRDT/4.0/DST' instead (/srv/http/IranERP/protected/views/layouts/main.php:48)
Stack trace:
#0 /srv/http/lib/yii/framework/web/CBaseController.php(88): SiteController->renderInternal()
#1 /srv/http/lib/yii/framework/web/widgets/CContentDecorator.php(78): SiteController->renderFile()
#2 /srv/http/lib/yii/framework/web/widgets/CContentDecorator.php(56): CContentDecorator->decorate()
#3 /srv/http/lib/yii/framework/web/widgets/COutputProcessor.php(45): CContentDecorator->processOutput()
#4 /srv/http/lib/yii/framework/web/CBaseController.php(199): CContentDecorator->run()
#5 /srv/http/lib/yii/framework/web/CBaseController.php(294): SiteController->endWidget()
#6 /srv/http/IranERP/protected/views/layouts/column1.php(7): SiteController->endContent()
#7 /srv/http/lib/yii/framework/web/CBaseController.php(119): require()
#8 /srv/http/lib/yii/framework/web/CBaseController.php(88): SiteController->renderInternal()
#9 /srv/http/lib/yii/framework/web/CController.php(781): SiteController->renderFile()
#10 /srv/http/IranERP/protected/controllers/SiteController.php(32): SiteController->render()
#11 /srv/http/lib/yii/framework/web/actions/CInlineAction.php(50): SiteController->actionIndex()
#12 /srv/http/lib/yii/framework/web/CController.php(300): CInlineAction->runWithParams()
#13 /srv/http/lib/yii/framework/web/CController.php(278): SiteController->runAction()
#14 /srv/http/lib/yii/framework/web/CController.php(257): SiteController->runActionWithFilters()
#15 /srv/http/lib/yii/framework/web/CWebApplication.php(277): SiteController->run()
#16 /srv/http/lib/yii/framework/web/CWebApplication.php(136): CWebApplication->runController()
#17 /srv/http/lib/yii/framework/base/CApplication.php(158): CWebApplication->processRequest()
#18 /srv/http/IranERP/index.php(13): CWebApplication->run()
REQUEST_URI=/IranERP/
in /srv/http/IranERP/protected/views/layouts/main.php (48)
in /srv/http/IranERP/protected/views/layouts/column1.php (7)
in /srv/http/IranERP/protected/controllers/SiteController.php (32)
